internal/modules/cjs/loader.js:638
    throw err;
    ^

Error: Cannot find module '/Users/mustafasaad/Desktop/PWCT/C/Monolith to Microservices at Scale/Monolith-to-Microservices-at-Scale/udacity-c3-restapi-feed/http_server.js'
    at Function.Module._resolveFilename (internal/modules/cjs/loader.js:636:15)
    at Function.Module._load (internal/modules/cjs/loader.js:562:25)
    at Function.Module.runMain (internal/modules/cjs/loader.js:831:12)
    at startup (internal/bootstrap/node.js:283:19)
    at bootstrapNodeJSCore (internal/bootstrap/node.js:622:3)
/Users/mustafasaad/Desktop/PWCT/C/Monolith to Microservices at Scale/Monolith-to-Microservices-at-Scale/udacity-c3-restapi-feed/src/server.ts:1
import express from 'express';
       ^^^^^^^

SyntaxError: Unexpected identifier
    at Module._compile (internal/modules/cjs/loader.js:723:23)
    at Object.Module._extensions..js (internal/modules/cjs/loader.js:789:10)
    at Module.load (internal/modules/cjs/loader.js:653:32)
    at tryModuleLoad (internal/modules/cjs/loader.js:593:12)
    at Function.Module._load (internal/modules/cjs/loader.js:585:3)
    at Function.Module.runMain (internal/modules/cjs/loader.js:831:12)
    at startup (internal/bootstrap/node.js:283:19)
    at bootstrapNodeJSCore (internal/bootstrap/node.js:622:3)
/Users/mustafasaad/Desktop/PWCT/C/Monolith to Microservices at Scale/Monolith-to-Microservices-at-Scale/udacity-c3-restapi-feed/src/server.ts:1
import express from 'express';
       ^^^^^^^

SyntaxError: Unexpected identifier
    at Module._compile (internal/modules/cjs/loader.js:723:23)
    at Object.Module._extensions..js (internal/modules/cjs/loader.js:789:10)
    at Module.load (internal/modules/cjs/loader.js:653:32)
    at tryModuleLoad (internal/modules/cjs/loader.js:593:12)
    at Function.Module._load (internal/modules/cjs/loader.js:585:3)
    at Function.Module.runMain (internal/modules/cjs/loader.js:831:12)
    at startup (internal/bootstrap/node.js:283:19)
    at bootstrapNodeJSCore (internal/bootstrap/node.js:622:3)
{ username: 'demodb',
  password: 'fpWrZPG8iG38ypOeDGPU',
  database: 'demodb',
  host: 'demodb.cqzmiix1l7fm.us-east-1.rds.amazonaws.com',
  dialect: 'postgres',
  aws_reigion: 'us-east-1',
  aws_profile: 'developer',
  aws_media_bucket: 'demobucket-85',
  url: undefined }
Executing (default): CREATE TABLE IF NOT EXISTS "FeedItem" ("id"   SERIAL , "caption" VARCHAR(255), "url" VARCHAR(255), "createdAt" TIMESTAMP WITH TIME ZONE, "updatedAt" TIMESTAMP WITH TIME ZONE, PRIMARY KEY ("id"));
Executing (default): SELECT i.relname AS name, ix.indisprimary AS primary, ix.indisunique AS unique, ix.indkey AS indkey, array_agg(a.attnum) as column_indexes, array_agg(a.attname) AS column_names, pg_get_indexdef(ix.indexrelid) AS definition FROM pg_class t, pg_class i, pg_index ix, pg_attribute a WHERE t.oid = ix.indrelid AND i.oid = ix.indexrelid AND a.attrelid = t.oid AND t.relkind = 'r' and t.relname = 'FeedItem' GROUP BY i.relname, ix.indexrelid, ix.indisprimary, ix.indisunique, ix.indkey ORDER BY i.relname;
server running undefined
press CTRL+C to stop server
